  [1m[35m (0.1ms)[0m  [1m[34mSELECT sqlite_version(*)[0m
  ↳ bin/rails:9
  [1m[35m (1.1ms)[0m  [1m[35mCREATE TABLE "schema_migrations" ("version" varchar NOT NULL PRIMARY KEY)[0m
  ↳ bin/rails:9
  [1m[35m (1.0ms)[0m  [1m[35mCREATE TABLE "ar_internal_metadata" ("key" varchar NOT NULL PRIMARY KEY, "value" varchar, "created_at" datetime NOT NULL, "updated_at" datetime NOT NULL)[0m
  ↳ bin/rails:9
  [1m[35m (0.1ms)[0m  [1m[34mSELECT "schema_migrations"."version" FROM "schema_migrations" ORDER BY "schema_migrations"."version" ASC[0m
  ↳ bin/rails:9
Migrating to CreateHighScores (20190425192820)
  [1m[35m (0.1ms)[0m  [1m[36mbegin transaction[0m
  ↳ bin/rails:9
  [1m[35m (0.4ms)[0m  [1m[35mCREATE TABLE "high_scores" ("id" integer PRIMARY KEY AUTOINCREMENT NOT NULL, "game" varchar, "score" integer, "created_at" datetime NOT NULL, "updated_at" datetime NOT NULL)[0m
  ↳ db/migrate/20190425192820_create_high_scores.rb:3
  [1m[36mActiveRecord::SchemaMigration Create (0.2ms)[0m  [1m[32mINSERT INTO "schema_migrations" ("version") VALUES (?)[0m  [["version", "20190425192820"]]
  ↳ bin/rails:9
  [1m[35m (0.8ms)[0m  [1m[36mcommit transaction[0m
  ↳ bin/rails:9
  [1m[36mActiveRecord::InternalMetadata Load (0.1ms)[0m  [1m[34mSELECT  "ar_internal_metadata".* FROM "ar_internal_metadata" WHERE "ar_internal_metadata"."key" = ? LIMIT ?[0m  [["key", "environment"], ["LIMIT", 1]]
  ↳ bin/rails:9
  [1m[35m (0.0ms)[0m  [1m[36mbegin transaction[0m
  ↳ bin/rails:9
  [1m[36mActiveRecord::InternalMetadata Create (0.3ms)[0m  [1m[32mINSERT INTO "ar_internal_metadata" ("key", "value", "created_at", "updated_at") VALUES (?, ?, ?, ?)[0m  [["key", "environment"], ["value", "development"], ["created_at", "2019-04-25 19:28:29.557210"], ["updated_at", "2019-04-25 19:28:29.557210"]]
  ↳ bin/rails:9
  [1m[35m (0.8ms)[0m  [1m[36mcommit transaction[0m
  ↳ bin/rails:9
  [1m[35m (0.1ms)[0m  [1m[34mSELECT "schema_migrations"."version" FROM "schema_migrations" ORDER BY "schema_migrations"."version" ASC[0m
  ↳ bin/rails:9
Started GET "/" for ::1 at 2019-04-25 13:28:42 -0600
  [1m[35m (0.1ms)[0m  [1m[34mSELECT "schema_migrations"."version" FROM "schema_migrations" ORDER BY "schema_migrations"."version" ASC[0m
  ↳ /Users/raulrodriguez/.rvm/gems/ruby-2.4.0/gems/activerecord-5.2.3/lib/active_record/log_subscriber.rb:98
Processing by Rails::WelcomeController#index as HTML
  Rendering /Users/raulrodriguez/.rvm/gems/ruby-2.4.0/gems/railties-5.2.3/lib/rails/templates/rails/welcome/index.html.erb
  Rendered /Users/raulrodriguez/.rvm/gems/ruby-2.4.0/gems/railties-5.2.3/lib/rails/templates/rails/welcome/index.html.erb (2.7ms)
Completed 200 OK in 15ms (Views: 8.6ms | ActiveRecord: 0.0ms)


Started GET "/" for ::1 at 2019-04-25 14:09:04 -0600
Processing by HighScoresController#index as HTML
  Rendering high_scores/index.html.erb within layouts/application
  [1m[36mHighScore Load (0.2ms)[0m  [1m[34mSELECT "high_scores".* FROM "high_scores"[0m
  ↳ app/views/high_scores/index.html.erb:15
  Rendered high_scores/index.html.erb within layouts/application (2.9ms)
Completed 200 OK in 326ms (Views: 319.4ms | ActiveRecord: 0.7ms)


Started GET "/high_scores/new" for ::1 at 2019-04-25 14:09:07 -0600
Processing by HighScoresController#new as HTML
  Rendering high_scores/new.html.erb within layouts/application
  Rendered high_scores/_form.html.erb (21.8ms)
  Rendered high_scores/new.html.erb within layouts/application (24.5ms)
Completed 200 OK in 53ms (Views: 40.5ms | ActiveRecord: 0.5ms)


Started GET "/" for ::1 at 2019-04-25 14:09:17 -0600
Processing by HighScoresController#index as HTML
  Rendering high_scores/index.html.erb within layouts/application
  [1m[36mHighScore Load (0.2ms)[0m  [1m[34mSELECT "high_scores".* FROM "high_scores"[0m
  ↳ app/views/high_scores/index.html.erb:15
  Rendered high_scores/index.html.erb within layouts/application (1.2ms)
Completed 200 OK in 19ms (Views: 17.0ms | ActiveRecord: 0.2ms)


Started GET "/high_scores/new" for ::1 at 2019-04-25 14:09:19 -0600
Processing by HighScoresController#new as HTML
  Rendering high_scores/new.html.erb within layouts/application
  Rendered high_scores/_form.html.erb (1.8ms)
  Rendered high_scores/new.html.erb within layouts/application (3.6ms)
Completed 200 OK in 22ms (Views: 19.6ms | ActiveRecord: 0.0ms)


Started POST "/high_scores" for ::1 at 2019-04-25 14:09:28 -0600
Processing by HighScoresController#create as HTML
  Parameters: {"utf8"=>"✓", "authenticity_token"=>"NQ5QP5T8tBtLxUGC2FLyGhbPGAOsA64qlZ+/dNBEjWsJ79Th7k8rhXL3cagi4MoMYrEpJgwNMa9wnCkxhiP7BA==", "high_score"=>{"game"=>"Tenis", "score"=>"100"}, "commit"=>"Create High score"}
  [1m[35m (0.1ms)[0m  [1m[36mbegin transaction[0m
  ↳ app/controllers/high_scores_controller.rb:30
  [1m[36mHighScore Create (0.6ms)[0m  [1m[32mINSERT INTO "high_scores" ("game", "score", "created_at", "updated_at") VALUES (?, ?, ?, ?)[0m  [["game", "Tenis"], ["score", 100], ["created_at", "2019-04-25 20:09:28.428734"], ["updated_at", "2019-04-25 20:09:28.428734"]]
  ↳ app/controllers/high_scores_controller.rb:30
  [1m[35m (1.1ms)[0m  [1m[36mcommit transaction[0m
  ↳ app/controllers/high_scores_controller.rb:30
Redirected to http://localhost:3000/high_scores/1
Completed 302 Found in 6ms (ActiveRecord: 1.7ms)


Started GET "/high_scores/1" for ::1 at 2019-04-25 14:09:28 -0600
Processing by HighScoresController#show as HTML
  Parameters: {"id"=>"1"}
  [1m[36mHighScore Load (0.2ms)[0m  [1m[34mSELECT  "high_scores".* FROM "high_scores" WHERE "high_scores"."id" = ? LIMIT ?[0m  [["id", 1], ["LIMIT", 1]]
  ↳ app/controllers/high_scores_controller.rb:67
  Rendering high_scores/show.html.erb within layouts/application
  Rendered high_scores/show.html.erb within layouts/application (0.6ms)
Completed 200 OK in 20ms (Views: 15.4ms | ActiveRecord: 0.2ms)


Started GET "/high_scores/1" for ::1 at 2019-04-25 14:09:30 -0600
Processing by HighScoresController#show as HTML
  Parameters: {"id"=>"1"}
  [1m[36mHighScore Load (0.1ms)[0m  [1m[34mSELECT  "high_scores".* FROM "high_scores" WHERE "high_scores"."id" = ? LIMIT ?[0m  [["id", 1], ["LIMIT", 1]]
  ↳ app/controllers/high_scores_controller.rb:67
  Rendering high_scores/show.html.erb within layouts/application
  Rendered high_scores/show.html.erb within layouts/application (0.6ms)
Completed 200 OK in 17ms (Views: 15.0ms | ActiveRecord: 0.1ms)


Started GET "/high_scores/1" for ::1 at 2019-04-25 14:09:33 -0600
Processing by HighScoresController#show as HTML
  Parameters: {"id"=>"1"}
  [1m[36mHighScore Load (0.1ms)[0m  [1m[34mSELECT  "high_scores".* FROM "high_scores" WHERE "high_scores"."id" = ? LIMIT ?[0m  [["id", 1], ["LIMIT", 1]]
  ↳ app/controllers/high_scores_controller.rb:67
  Rendering high_scores/show.html.erb within layouts/application
  Rendered high_scores/show.html.erb within layouts/application (0.6ms)
Completed 200 OK in 18ms (Views: 15.3ms | ActiveRecord: 0.1ms)


Started GET "/" for ::1 at 2019-04-25 14:09:36 -0600
Processing by HighScoresController#index as HTML
  Rendering high_scores/index.html.erb within layouts/application
  [1m[36mHighScore Load (0.1ms)[0m  [1m[34mSELECT "high_scores".* FROM "high_scores"[0m
  ↳ app/views/high_scores/index.html.erb:15
  Rendered high_scores/index.html.erb within layouts/application (1.7ms)
Completed 200 OK in 23ms (Views: 20.1ms | ActiveRecord: 0.1ms)


Started GET "/" for ::1 at 2019-04-25 14:09:37 -0600
Processing by HighScoresController#index as HTML
  Rendering high_scores/index.html.erb within layouts/application
  [1m[36mHighScore Load (0.1ms)[0m  [1m[34mSELECT "high_scores".* FROM "high_scores"[0m
  ↳ app/views/high_scores/index.html.erb:15
  Rendered high_scores/index.html.erb within layouts/application (1.6ms)
Completed 200 OK in 22ms (Views: 19.3ms | ActiveRecord: 0.1ms)


Started GET "/" for ::1 at 2019-04-25 14:10:28 -0600
Processing by HighScoresController#index as HTML
  Rendering high_scores/index.html.erb within layouts/application
  [1m[36mHighScore Load (0.1ms)[0m  [1m[34mSELECT "high_scores".* FROM "high_scores"[0m
  ↳ app/views/high_scores/index.html.erb:15
  Rendered high_scores/index.html.erb within layouts/application (2.3ms)
Completed 200 OK in 18ms (Views: 16.5ms | ActiveRecord: 0.1ms)


Started GET "/" for ::1 at 2019-04-25 14:10:29 -0600
Processing by HighScoresController#index as HTML
  Rendering high_scores/index.html.erb within layouts/application
  [1m[36mHighScore Load (0.1ms)[0m  [1m[34mSELECT "high_scores".* FROM "high_scores"[0m
  ↳ app/views/high_scores/index.html.erb:15
  Rendered high_scores/index.html.erb within layouts/application (1.4ms)
Completed 200 OK in 20ms (Views: 17.8ms | ActiveRecord: 0.1ms)


Started GET "/" for ::1 at 2019-04-25 14:10:31 -0600
Processing by HighScoresController#index as HTML
  Rendering high_scores/index.html.erb within layouts/application
  [1m[36mHighScore Load (0.1ms)[0m  [1m[34mSELECT "high_scores".* FROM "high_scores"[0m
  ↳ app/views/high_scores/index.html.erb:15
  Rendered high_scores/index.html.erb within layouts/application (1.3ms)
Completed 200 OK in 18ms (Views: 16.5ms | ActiveRecord: 0.1ms)


Started GET "/" for ::1 at 2019-04-25 14:10:34 -0600
Processing by HighScoresController#index as HTML
  Rendering high_scores/index.html.erb within layouts/application
  [1m[36mHighScore Load (0.1ms)[0m  [1m[34mSELECT "high_scores".* FROM "high_scores"[0m
  ↳ app/views/high_scores/index.html.erb:15
  Rendered high_scores/index.html.erb within layouts/application (1.5ms)
Completed 200 OK in 19ms (Views: 16.7ms | ActiveRecord: 0.1ms)


Started GET "/" for ::1 at 2019-04-25 14:10:34 -0600
Processing by HighScoresController#index as HTML
  Rendering high_scores/index.html.erb within layouts/application
  [1m[36mHighScore Load (0.1ms)[0m  [1m[34mSELECT "high_scores".* FROM "high_scores"[0m
  ↳ app/views/high_scores/index.html.erb:15
  Rendered high_scores/index.html.erb within layouts/application (1.4ms)
Completed 200 OK in 25ms (Views: 23.4ms | ActiveRecord: 0.1ms)


Started GET "/high_scores/1" for ::1 at 2019-04-25 14:10:36 -0600
Processing by HighScoresController#show as HTML
  Parameters: {"id"=>"1"}
  [1m[36mHighScore Load (0.1ms)[0m  [1m[34mSELECT  "high_scores".* FROM "high_scores" WHERE "high_scores"."id" = ? LIMIT ?[0m  [["id", 1], ["LIMIT", 1]]
  ↳ app/controllers/high_scores_controller.rb:67
  Rendering high_scores/show.html.erb within layouts/application
  Rendered high_scores/show.html.erb within layouts/application (0.6ms)
Completed 200 OK in 21ms (Views: 18.4ms | ActiveRecord: 0.1ms)


Started GET "/high_scores" for ::1 at 2019-04-25 14:10:37 -0600
Processing by HighScoresController#index as HTML
  Rendering high_scores/index.html.erb within layouts/application
  [1m[36mHighScore Load (0.1ms)[0m  [1m[34mSELECT "high_scores".* FROM "high_scores"[0m
  ↳ app/views/high_scores/index.html.erb:15
  Rendered high_scores/index.html.erb within layouts/application (1.7ms)
Completed 200 OK in 21ms (Views: 18.3ms | ActiveRecord: 0.1ms)


Started GET "/" for ::1 at 2019-04-25 14:10:41 -0600
Processing by HighScoresController#index as HTML
  Rendering high_scores/index.html.erb within layouts/application
  [1m[36mHighScore Load (0.1ms)[0m  [1m[34mSELECT "high_scores".* FROM "high_scores"[0m
  ↳ app/views/high_scores/index.html.erb:15
  Rendered high_scores/index.html.erb within layouts/application (1.5ms)
Completed 200 OK in 21ms (Views: 18.5ms | ActiveRecord: 0.1ms)


Started GET "/" for ::1 at 2019-04-25 14:11:14 -0600
Processing by HighScoresController#index as HTML
  Rendering high_scores/index.html.erb within layouts/application
  [1m[36mHighScore Load (0.1ms)[0m  [1m[34mSELECT "high_scores".* FROM "high_scores"[0m
  ↳ app/views/high_scores/index.html.erb:15
  Rendered high_scores/index.html.erb within layouts/application (1.4ms)
Completed 200 OK in 18ms (Views: 15.9ms | ActiveRecord: 0.1ms)


Started GET "/" for ::1 at 2019-04-25 14:15:21 -0600
Processing by HighScoresController#index as HTML
  Rendering high_scores/index.html.erb within layouts/application
  [1m[36mHighScore Load (0.1ms)[0m  [1m[34mSELECT "high_scores".* FROM "high_scores"[0m
  ↳ app/views/high_scores/index.html.erb:15
  Rendered high_scores/index.html.erb within layouts/application (1.6ms)
Completed 200 OK in 24ms (Views: 22.0ms | ActiveRecord: 0.1ms)


  
ActionController::RoutingError (No route matches [GET] "/assets/bootstrap-sprockets"):
  
  
ActionController::RoutingError (No route matches [GET] "/assets/bootstrap"):
actionpack (5.2.3) lib/action_dispatch/middleware/debug_exceptions.rb:65:in `call'
web-console (3.7.0) lib/web_console/middleware.rb:135:in `call_app'
web-console (3.7.0) lib/web_console/middleware.rb:30:in `block in call'
web-console (3.7.0) lib/web_console/middleware.rb:20:in `catch'
web-console (3.7.0) lib/web_console/middleware.rb:20:in `call'
actionpack (5.2.3) lib/action_dispatch/middleware/show_exceptions.rb:33:in `call'
railties (5.2.3) lib/rails/rack/logger.rb:38:in `call_app'
railties (5.2.3) lib/rails/rack/logger.rb:26:in `block in call'
activesupport (5.2.3) lib/active_support/tagged_logging.rb:71:in `block in tagged'
activesupport (5.2.3) lib/active_support/tagged_logging.rb:28:in `tagged'
activesupport (5.2.3) lib/active_support/tagged_logging.rb:71:in `tagged'
railties (5.2.3) lib/rails/rack/logger.rb:26:in `call'
sprockets-rails (3.2.1) lib/sprockets/rails/quiet_assets.rb:11:in `block in call'
activesupport (5.2.3) lib/active_support/logger_silence.rb:21:in `silence'
activesupport (5.2.3) lib/active_support/logger.rb:65:in `block (3 levels) in broadcast'
activesupport (5.2.3) lib/active_support/logger_silence.rb:21:in `silence'
activesupport (5.2.3) lib/active_support/logger.rb:63:in `block (2 levels) in broadcast'
sprockets-rails (3.2.1) lib/sprockets/rails/quiet_assets.rb:11:in `call'
actionpack (5.2.3) lib/action_dispatch/middleware/remote_ip.rb:81:in `call'
actionpack (5.2.3) lib/action_dispatch/middleware/request_id.rb:27:in `call'
rack (2.0.7) lib/rack/method_override.rb:22:in `call'
rack (2.0.7) lib/rack/runtime.rb:22:in `call'
activesupport (5.2.3) lib/active_support/cache/strategy/local_cache_middleware.rb:29:in `call'
actionpack (5.2.3) lib/action_dispatch/middleware/executor.rb:14:in `call'
actionpack (5.2.3) lib/action_dispatch/middleware/static.rb:127:in `call'
rack (2.0.7) lib/rack/sendfile.rb:111:in `call'
railties (5.2.3) lib/rails/engine.rb:524:in `call'
puma (3.12.1) lib/puma/configuration.rb:227:in `call'
puma (3.12.1) lib/puma/server.rb:660:in `handle_request'
puma (3.12.1) lib/puma/server.rb:474:in `process_client'
puma (3.12.1) lib/puma/server.rb:334:in `block in run'
puma (3.12.1) lib/puma/thread_pool.rb:135:in `block in spawn_thread'
  
actionpack (5.2.3) lib/action_dispatch/middleware/debug_exceptions.rb:65:in `call'
web-console (3.7.0) lib/web_console/middleware.rb:135:in `call_app'
web-console (3.7.0) lib/web_console/middleware.rb:30:in `block in call'
web-console (3.7.0) lib/web_console/middleware.rb:20:in `catch'
web-console (3.7.0) lib/web_console/middleware.rb:20:in `call'
actionpack (5.2.3) lib/action_dispatch/middleware/show_exceptions.rb:33:in `call'
railties (5.2.3) lib/rails/rack/logger.rb:38:in `call_app'
railties (5.2.3) lib/rails/rack/logger.rb:26:in `block in call'
activesupport (5.2.3) lib/active_support/tagged_logging.rb:71:in `block in tagged'
activesupport (5.2.3) lib/active_support/tagged_logging.rb:28:in `tagged'
activesupport (5.2.3) lib/active_support/tagged_logging.rb:71:in `tagged'
railties (5.2.3) lib/rails/rack/logger.rb:26:in `call'
sprockets-rails (3.2.1) lib/sprockets/rails/quiet_assets.rb:11:in `block in call'
activesupport (5.2.3) lib/active_support/logger_silence.rb:21:in `silence'
activesupport (5.2.3) lib/active_support/logger.rb:65:in `block (3 levels) in broadcast'
activesupport (5.2.3) lib/active_support/logger_silence.rb:21:in `silence'
activesupport (5.2.3) lib/active_support/logger.rb:63:in `block (2 levels) in broadcast'
sprockets-rails (3.2.1) lib/sprockets/rails/quiet_assets.rb:11:in `call'
actionpack (5.2.3) lib/action_dispatch/middleware/remote_ip.rb:81:in `call'
actionpack (5.2.3) lib/action_dispatch/middleware/request_id.rb:27:in `call'
rack (2.0.7) lib/rack/method_override.rb:22:in `call'
rack (2.0.7) lib/rack/runtime.rb:22:in `call'
activesupport (5.2.3) lib/active_support/cache/strategy/local_cache_middleware.rb:29:in `call'
actionpack (5.2.3) lib/action_dispatch/middleware/executor.rb:14:in `call'
actionpack (5.2.3) lib/action_dispatch/middleware/static.rb:127:in `call'
rack (2.0.7) lib/rack/sendfile.rb:111:in `call'
railties (5.2.3) lib/rails/engine.rb:524:in `call'
puma (3.12.1) lib/puma/configuration.rb:227:in `call'
puma (3.12.1) lib/puma/server.rb:660:in `handle_request'
puma (3.12.1) lib/puma/server.rb:474:in `process_client'
puma (3.12.1) lib/puma/server.rb:334:in `block in run'
puma (3.12.1) lib/puma/thread_pool.rb:135:in `block in spawn_thread'
Started GET "/" for ::1 at 2019-04-25 14:15:41 -0600
Processing by HighScoresController#index as HTML
  Rendering high_scores/index.html.erb within layouts/application
  [1m[36mHighScore Load (0.1ms)[0m  [1m[34mSELECT "high_scores".* FROM "high_scores"[0m
  ↳ app/views/high_scores/index.html.erb:15
  Rendered high_scores/index.html.erb within layouts/application (1.5ms)
Completed 200 OK in 20ms (Views: 17.9ms | ActiveRecord: 0.1ms)


  
  
ActionController::RoutingError (No route matches [GET] "/assets/bootstrap-sprockets"):
ActionController::RoutingError (No route matches [GET] "/assets/bootstrap"):
  
  
actionpack (5.2.3) lib/action_dispatch/middleware/debug_exceptions.rb:65:in `call'
web-console (3.7.0) lib/web_console/middleware.rb:135:in `call_app'
web-console (3.7.0) lib/web_console/middleware.rb:30:in `block in call'
web-console (3.7.0) lib/web_console/middleware.rb:20:in `catch'
web-console (3.7.0) lib/web_console/middleware.rb:20:in `call'
actionpack (5.2.3) lib/action_dispatch/middleware/show_exceptions.rb:33:in `call'
railties (5.2.3) lib/rails/rack/logger.rb:38:in `call_app'
railties (5.2.3) lib/rails/rack/logger.rb:26:in `block in call'
activesupport (5.2.3) lib/active_support/tagged_logging.rb:71:in `block in tagged'
activesupport (5.2.3) lib/active_support/tagged_logging.rb:28:in `tagged'
activesupport (5.2.3) lib/active_support/tagged_logging.rb:71:in `tagged'
railties (5.2.3) lib/rails/rack/logger.rb:26:in `call'
sprockets-rails (3.2.1) lib/sprockets/rails/quiet_assets.rb:11:in `block in call'
activesupport (5.2.3) lib/active_support/logger_silence.rb:21:in `silence'
activesupport (5.2.3) lib/active_support/logger.rb:65:in `block (3 levels) in broadcast'
activesupport (5.2.3) lib/active_support/logger_silence.rb:21:in `silence'
activesupport (5.2.3) lib/active_support/logger.rb:63:in `block (2 levels) in broadcast'
sprockets-rails (3.2.1) lib/sprockets/rails/quiet_assets.rb:11:in `call'
actionpack (5.2.3) lib/action_dispatch/middleware/remote_ip.rb:81:in `call'
actionpack (5.2.3) lib/action_dispatch/middleware/request_id.rb:27:in `call'
rack (2.0.7) lib/rack/method_override.rb:22:in `call'
rack (2.0.7) lib/rack/runtime.rb:22:in `call'
activesupport (5.2.3) lib/active_support/cache/strategy/local_cache_middleware.rb:29:in `call'
actionpack (5.2.3) lib/action_dispatch/middleware/executor.rb:14:in `call'
actionpack (5.2.3) lib/action_dispatch/middleware/static.rb:127:in `call'
rack (2.0.7) lib/rack/sendfile.rb:111:in `call'
railties (5.2.3) lib/rails/engine.rb:524:in `call'
puma (3.12.1) lib/puma/configuration.rb:227:in `call'
puma (3.12.1) lib/puma/server.rb:660:in `handle_request'
puma (3.12.1) lib/puma/server.rb:474:in `process_client'
puma (3.12.1) lib/puma/server.rb:334:in `block in run'
puma (3.12.1) lib/puma/thread_pool.rb:135:in `block in spawn_thread'
actionpack (5.2.3) lib/action_dispatch/middleware/debug_exceptions.rb:65:in `call'
web-console (3.7.0) lib/web_console/middleware.rb:135:in `call_app'
web-console (3.7.0) lib/web_console/middleware.rb:30:in `block in call'
web-console (3.7.0) lib/web_console/middleware.rb:20:in `catch'
web-console (3.7.0) lib/web_console/middleware.rb:20:in `call'
actionpack (5.2.3) lib/action_dispatch/middleware/show_exceptions.rb:33:in `call'
railties (5.2.3) lib/rails/rack/logger.rb:38:in `call_app'
railties (5.2.3) lib/rails/rack/logger.rb:26:in `block in call'
activesupport (5.2.3) lib/active_support/tagged_logging.rb:71:in `block in tagged'
activesupport (5.2.3) lib/active_support/tagged_logging.rb:28:in `tagged'
activesupport (5.2.3) lib/active_support/tagged_logging.rb:71:in `tagged'
railties (5.2.3) lib/rails/rack/logger.rb:26:in `call'
sprockets-rails (3.2.1) lib/sprockets/rails/quiet_assets.rb:11:in `block in call'
activesupport (5.2.3) lib/active_support/logger_silence.rb:21:in `silence'
activesupport (5.2.3) lib/active_support/logger.rb:65:in `block (3 levels) in broadcast'
activesupport (5.2.3) lib/active_support/logger_silence.rb:21:in `silence'
activesupport (5.2.3) lib/active_support/logger.rb:63:in `block (2 levels) in broadcast'
sprockets-rails (3.2.1) lib/sprockets/rails/quiet_assets.rb:11:in `call'
actionpack (5.2.3) lib/action_dispatch/middleware/remote_ip.rb:81:in `call'
actionpack (5.2.3) lib/action_dispatch/middleware/request_id.rb:27:in `call'
rack (2.0.7) lib/rack/method_override.rb:22:in `call'
rack (2.0.7) lib/rack/runtime.rb:22:in `call'
activesupport (5.2.3) lib/active_support/cache/strategy/local_cache_middleware.rb:29:in `call'
actionpack (5.2.3) lib/action_dispatch/middleware/executor.rb:14:in `call'
actionpack (5.2.3) lib/action_dispatch/middleware/static.rb:127:in `call'
rack (2.0.7) lib/rack/sendfile.rb:111:in `call'
railties (5.2.3) lib/rails/engine.rb:524:in `call'
puma (3.12.1) lib/puma/configuration.rb:227:in `call'
puma (3.12.1) lib/puma/server.rb:660:in `handle_request'
puma (3.12.1) lib/puma/server.rb:474:in `process_client'
puma (3.12.1) lib/puma/server.rb:334:in `block in run'
puma (3.12.1) lib/puma/thread_pool.rb:135:in `block in spawn_thread'
Started GET "/" for ::1 at 2019-04-25 14:15:51 -0600
Processing by HighScoresController#index as HTML
  Rendering high_scores/index.html.erb within layouts/application
  [1m[36mHighScore Load (0.1ms)[0m  [1m[34mSELECT "high_scores".* FROM "high_scores"[0m
  ↳ app/views/high_scores/index.html.erb:15
  Rendered high_scores/index.html.erb within layouts/application (1.3ms)
Completed 200 OK in 18ms (Views: 16.3ms | ActiveRecord: 0.1ms)


  
  
ActionController::RoutingError (No route matches [GET] "/assets/bootstrap-sprockets"):
  
ActionController::RoutingError (No route matches [GET] "/assets/bootstrap"):
actionpack (5.2.3) lib/action_dispatch/middleware/debug_exceptions.rb:65:in `call'
web-console (3.7.0) lib/web_console/middleware.rb:135:in `call_app'
web-console (3.7.0) lib/web_console/middleware.rb:30:in `block in call'
web-console (3.7.0) lib/web_console/middleware.rb:20:in `catch'
web-console (3.7.0) lib/web_console/middleware.rb:20:in `call'
actionpack (5.2.3) lib/action_dispatch/middleware/show_exceptions.rb:33:in `call'
railties (5.2.3) lib/rails/rack/logger.rb:38:in `call_app'
railties (5.2.3) lib/rails/rack/logger.rb:26:in `block in call'
activesupport (5.2.3) lib/active_support/tagged_logging.rb:71:in `block in tagged'
activesupport (5.2.3) lib/active_support/tagged_logging.rb:28:in `tagged'
activesupport (5.2.3) lib/active_support/tagged_logging.rb:71:in `tagged'
railties (5.2.3) lib/rails/rack/logger.rb:26:in `call'
sprockets-rails (3.2.1) lib/sprockets/rails/quiet_assets.rb:11:in `block in call'
activesupport (5.2.3) lib/active_support/logger_silence.rb:21:in `silence'
activesupport (5.2.3) lib/active_support/logger.rb:65:in `block (3 levels) in broadcast'
activesupport (5.2.3) lib/active_support/logger_silence.rb:21:in `silence'
activesupport (5.2.3) lib/active_support/logger.rb:63:in `block (2 levels) in broadcast'
sprockets-rails (3.2.1) lib/sprockets/rails/quiet_assets.rb:11:in `call'
actionpack (5.2.3) lib/action_dispatch/middleware/remote_ip.rb:81:in `call'
actionpack (5.2.3) lib/action_dispatch/middleware/request_id.rb:27:in `call'
rack (2.0.7) lib/rack/method_override.rb:22:in `call'
rack (2.0.7) lib/rack/runtime.rb:22:in `call'
activesupport (5.2.3) lib/active_support/cache/strategy/local_cache_middleware.rb:29:in `call'
actionpack (5.2.3) lib/action_dispatch/middleware/executor.rb:14:in `call'
actionpack (5.2.3) lib/action_dispatch/middleware/static.rb:127:in `call'
rack (2.0.7) lib/rack/sendfile.rb:111:in `call'
railties (5.2.3) lib/rails/engine.rb:524:in `call'
puma (3.12.1) lib/puma/configuration.rb:227:in `call'
puma (3.12.1) lib/puma/server.rb:660:in `handle_request'
puma (3.12.1) lib/puma/server.rb:474:in `process_client'
puma (3.12.1) lib/puma/server.rb:334:in `block in run'
puma (3.12.1) lib/puma/thread_pool.rb:135:in `block in spawn_thread'
  
actionpack (5.2.3) lib/action_dispatch/middleware/debug_exceptions.rb:65:in `call'
web-console (3.7.0) lib/web_console/middleware.rb:135:in `call_app'
web-console (3.7.0) lib/web_console/middleware.rb:30:in `block in call'
web-console (3.7.0) lib/web_console/middleware.rb:20:in `catch'
web-console (3.7.0) lib/web_console/middleware.rb:20:in `call'
actionpack (5.2.3) lib/action_dispatch/middleware/show_exceptions.rb:33:in `call'
railties (5.2.3) lib/rails/rack/logger.rb:38:in `call_app'
railties (5.2.3) lib/rails/rack/logger.rb:26:in `block in call'
activesupport (5.2.3) lib/active_support/tagged_logging.rb:71:in `block in tagged'
activesupport (5.2.3) lib/active_support/tagged_logging.rb:28:in `tagged'
activesupport (5.2.3) lib/active_support/tagged_logging.rb:71:in `tagged'
railties (5.2.3) lib/rails/rack/logger.rb:26:in `call'
sprockets-rails (3.2.1) lib/sprockets/rails/quiet_assets.rb:11:in `block in call'
activesupport (5.2.3) lib/active_support/logger_silence.rb:21:in `silence'
activesupport (5.2.3) lib/active_support/logger.rb:65:in `block (3 levels) in broadcast'
activesupport (5.2.3) lib/active_support/logger_silence.rb:21:in `silence'
activesupport (5.2.3) lib/active_support/logger.rb:63:in `block (2 levels) in broadcast'
sprockets-rails (3.2.1) lib/sprockets/rails/quiet_assets.rb:11:in `call'
actionpack (5.2.3) lib/action_dispatch/middleware/remote_ip.rb:81:in `call'
actionpack (5.2.3) lib/action_dispatch/middleware/request_id.rb:27:in `call'
rack (2.0.7) lib/rack/method_override.rb:22:in `call'
rack (2.0.7) lib/rack/runtime.rb:22:in `call'
activesupport (5.2.3) lib/active_support/cache/strategy/local_cache_middleware.rb:29:in `call'
actionpack (5.2.3) lib/action_dispatch/middleware/executor.rb:14:in `call'
actionpack (5.2.3) lib/action_dispatch/middleware/static.rb:127:in `call'
rack (2.0.7) lib/rack/sendfile.rb:111:in `call'
railties (5.2.3) lib/rails/engine.rb:524:in `call'
puma (3.12.1) lib/puma/configuration.rb:227:in `call'
puma (3.12.1) lib/puma/server.rb:660:in `handle_request'
puma (3.12.1) lib/puma/server.rb:474:in `process_client'
puma (3.12.1) lib/puma/server.rb:334:in `block in run'
puma (3.12.1) lib/puma/thread_pool.rb:135:in `block in spawn_thread'
Started GET "/" for ::1 at 2019-04-25 14:16:08 -0600
Processing by HighScoresController#index as HTML
  Rendering high_scores/index.html.erb within layouts/application
  [1m[36mHighScore Load (0.1ms)[0m  [1m[34mSELECT "high_scores".* FROM "high_scores"[0m
  ↳ app/views/high_scores/index.html.erb:15
  Rendered high_scores/index.html.erb within layouts/application (1.3ms)
Completed 200 OK in 18ms (Views: 16.3ms | ActiveRecord: 0.1ms)


  
  
ActionController::RoutingError (No route matches [GET] "/assets/bootstrap-sprockets"):
ActionController::RoutingError (No route matches [GET] "/assets/bootstrap"):
  
  
actionpack (5.2.3) lib/action_dispatch/middleware/debug_exceptions.rb:65:in `call'
web-console (3.7.0) lib/web_console/middleware.rb:135:in `call_app'
web-console (3.7.0) lib/web_console/middleware.rb:30:in `block in call'
web-console (3.7.0) lib/web_console/middleware.rb:20:in `catch'
web-console (3.7.0) lib/web_console/middleware.rb:20:in `call'
actionpack (5.2.3) lib/action_dispatch/middleware/show_exceptions.rb:33:in `call'
railties (5.2.3) lib/rails/rack/logger.rb:38:in `call_app'
railties (5.2.3) lib/rails/rack/logger.rb:26:in `block in call'
activesupport (5.2.3) lib/active_support/tagged_logging.rb:71:in `block in tagged'
activesupport (5.2.3) lib/active_support/tagged_logging.rb:28:in `tagged'
activesupport (5.2.3) lib/active_support/tagged_logging.rb:71:in `tagged'
railties (5.2.3) lib/rails/rack/logger.rb:26:in `call'
sprockets-rails (3.2.1) lib/sprockets/rails/quiet_assets.rb:11:in `block in call'
activesupport (5.2.3) lib/active_support/logger_silence.rb:21:in `silence'
activesupport (5.2.3) lib/active_support/logger.rb:65:in `block (3 levels) in broadcast'
activesupport (5.2.3) lib/active_support/logger_silence.rb:21:in `silence'
activesupport (5.2.3) lib/active_support/logger.rb:63:in `block (2 levels) in broadcast'
sprockets-rails (3.2.1) lib/sprockets/rails/quiet_assets.rb:11:in `call'
actionpack (5.2.3) lib/action_dispatch/middleware/remote_ip.rb:81:in `call'
actionpack (5.2.3) lib/action_dispatch/middleware/request_id.rb:27:in `call'
rack (2.0.7) lib/rack/method_override.rb:22:in `call'
rack (2.0.7) lib/rack/runtime.rb:22:in `call'
activesupport (5.2.3) lib/active_support/cache/strategy/local_cache_middleware.rb:29:in `call'
actionpack (5.2.3) lib/action_dispatch/middleware/executor.rb:14:in `call'
actionpack (5.2.3) lib/action_dispatch/middleware/static.rb:127:in `call'
rack (2.0.7) lib/rack/sendfile.rb:111:in `call'
railties (5.2.3) lib/rails/engine.rb:524:in `call'
puma (3.12.1) lib/puma/configuration.rb:227:in `call'
puma (3.12.1) lib/puma/server.rb:660:in `handle_request'
puma (3.12.1) lib/puma/server.rb:474:in `process_client'
puma (3.12.1) lib/puma/server.rb:334:in `block in run'
puma (3.12.1) lib/puma/thread_pool.rb:135:in `block in spawn_thread'
actionpack (5.2.3) lib/action_dispatch/middleware/debug_exceptions.rb:65:in `call'
web-console (3.7.0) lib/web_console/middleware.rb:135:in `call_app'
web-console (3.7.0) lib/web_console/middleware.rb:30:in `block in call'
web-console (3.7.0) lib/web_console/middleware.rb:20:in `catch'
web-console (3.7.0) lib/web_console/middleware.rb:20:in `call'
actionpack (5.2.3) lib/action_dispatch/middleware/show_exceptions.rb:33:in `call'
railties (5.2.3) lib/rails/rack/logger.rb:38:in `call_app'
railties (5.2.3) lib/rails/rack/logger.rb:26:in `block in call'
activesupport (5.2.3) lib/active_support/tagged_logging.rb:71:in `block in tagged'
activesupport (5.2.3) lib/active_support/tagged_logging.rb:28:in `tagged'
activesupport (5.2.3) lib/active_support/tagged_logging.rb:71:in `tagged'
railties (5.2.3) lib/rails/rack/logger.rb:26:in `call'
sprockets-rails (3.2.1) lib/sprockets/rails/quiet_assets.rb:11:in `block in call'
activesupport (5.2.3) lib/active_support/logger_silence.rb:21:in `silence'
activesupport (5.2.3) lib/active_support/logger.rb:65:in `block (3 levels) in broadcast'
activesupport (5.2.3) lib/active_support/logger_silence.rb:21:in `silence'
activesupport (5.2.3) lib/active_support/logger.rb:63:in `block (2 levels) in broadcast'
sprockets-rails (3.2.1) lib/sprockets/rails/quiet_assets.rb:11:in `call'
actionpack (5.2.3) lib/action_dispatch/middleware/remote_ip.rb:81:in `call'
actionpack (5.2.3) lib/action_dispatch/middleware/request_id.rb:27:in `call'
rack (2.0.7) lib/rack/method_override.rb:22:in `call'
rack (2.0.7) lib/rack/runtime.rb:22:in `call'
activesupport (5.2.3) lib/active_support/cache/strategy/local_cache_middleware.rb:29:in `call'
actionpack (5.2.3) lib/action_dispatch/middleware/executor.rb:14:in `call'
actionpack (5.2.3) lib/action_dispatch/middleware/static.rb:127:in `call'
rack (2.0.7) lib/rack/sendfile.rb:111:in `call'
railties (5.2.3) lib/rails/engine.rb:524:in `call'
puma (3.12.1) lib/puma/configuration.rb:227:in `call'
puma (3.12.1) lib/puma/server.rb:660:in `handle_request'
puma (3.12.1) lib/puma/server.rb:474:in `process_client'
puma (3.12.1) lib/puma/server.rb:334:in `block in run'
puma (3.12.1) lib/puma/thread_pool.rb:135:in `block in spawn_thread'
Started GET "/" for ::1 at 2019-04-25 14:16:22 -0600
  [1m[35m (0.5ms)[0m  [1m[34mSELECT "schema_migrations"."version" FROM "schema_migrations" ORDER BY "schema_migrations"."version" ASC[0m
  ↳ /Users/raulrodriguez/.rvm/gems/ruby-2.4.0/gems/activerecord-5.2.3/lib/active_record/log_subscriber.rb:98
Processing by HighScoresController#index as HTML
  Rendering high_scores/index.html.erb within layouts/application
  [1m[36mHighScore Load (0.2ms)[0m  [1m[34mSELECT "high_scores".* FROM "high_scores"[0m
  ↳ app/views/high_scores/index.html.erb:15
  Rendered high_scores/index.html.erb within layouts/application (11.4ms)
Completed 200 OK in 214ms (Views: 200.5ms | ActiveRecord: 1.1ms)


Started GET "/" for ::1 at 2019-04-25 14:16:23 -0600
Processing by HighScoresController#index as HTML
  Rendering high_scores/index.html.erb within layouts/application
  [1m[36mHighScore Load (0.1ms)[0m  [1m[34mSELECT "high_scores".* FROM "high_scores"[0m
  ↳ app/views/high_scores/index.html.erb:15
  Rendered high_scores/index.html.erb within layouts/application (1.4ms)
Completed 200 OK in 19ms (Views: 16.9ms | ActiveRecord: 0.1ms)


Started GET "/products" for ::1 at 2019-04-25 14:16:27 -0600
  
ActionController::RoutingError (No route matches [GET] "/products"):
  
actionpack (5.2.3) lib/action_dispatch/middleware/debug_exceptions.rb:65:in `call'
web-console (3.7.0) lib/web_console/middleware.rb:135:in `call_app'
web-console (3.7.0) lib/web_console/middleware.rb:30:in `block in call'
web-console (3.7.0) lib/web_console/middleware.rb:20:in `catch'
web-console (3.7.0) lib/web_console/middleware.rb:20:in `call'
actionpack (5.2.3) lib/action_dispatch/middleware/show_exceptions.rb:33:in `call'
railties (5.2.3) lib/rails/rack/logger.rb:38:in `call_app'
railties (5.2.3) lib/rails/rack/logger.rb:26:in `block in call'
activesupport (5.2.3) lib/active_support/tagged_logging.rb:71:in `block in tagged'
activesupport (5.2.3) lib/active_support/tagged_logging.rb:28:in `tagged'
activesupport (5.2.3) lib/active_support/tagged_logging.rb:71:in `tagged'
railties (5.2.3) lib/rails/rack/logger.rb:26:in `call'
sprockets-rails (3.2.1) lib/sprockets/rails/quiet_assets.rb:13:in `call'
actionpack (5.2.3) lib/action_dispatch/middleware/remote_ip.rb:81:in `call'
actionpack (5.2.3) lib/action_dispatch/middleware/request_id.rb:27:in `call'
rack (2.0.7) lib/rack/method_override.rb:22:in `call'
rack (2.0.7) lib/rack/runtime.rb:22:in `call'
activesupport (5.2.3) lib/active_support/cache/strategy/local_cache_middleware.rb:29:in `call'
actionpack (5.2.3) lib/action_dispatch/middleware/executor.rb:14:in `call'
actionpack (5.2.3) lib/action_dispatch/middleware/static.rb:127:in `call'
rack (2.0.7) lib/rack/sendfile.rb:111:in `call'
railties (5.2.3) lib/rails/engine.rb:524:in `call'
puma (3.12.1) lib/puma/configuration.rb:227:in `call'
puma (3.12.1) lib/puma/server.rb:660:in `handle_request'
puma (3.12.1) lib/puma/server.rb:474:in `process_client'
puma (3.12.1) lib/puma/server.rb:334:in `block in run'
puma (3.12.1) lib/puma/thread_pool.rb:135:in `block in spawn_thread'
Started GET "/" for ::1 at 2019-04-25 14:16:30 -0600
Processing by HighScoresController#index as HTML
  Rendering high_scores/index.html.erb within layouts/application
  [1m[36mHighScore Load (0.2ms)[0m  [1m[34mSELECT "high_scores".* FROM "high_scores"[0m
  ↳ app/views/high_scores/index.html.erb:15
  Rendered high_scores/index.html.erb within layouts/application (1.7ms)
Completed 200 OK in 22ms (Views: 19.6ms | ActiveRecord: 0.2ms)


Started GET "/" for ::1 at 2019-04-25 14:17:29 -0600
Processing by HighScoresController#index as HTML
  Rendering high_scores/index.html.erb within layouts/application
  [1m[36mHighScore Load (0.1ms)[0m  [1m[34mSELECT "high_scores".* FROM "high_scores"[0m
  ↳ app/views/high_scores/index.html.erb:15
  Rendered high_scores/index.html.erb within layouts/application (1.3ms)
Completed 200 OK in 2381ms (Views: 2379.4ms | ActiveRecord: 0.1ms)


Started GET "/" for ::1 at 2019-04-25 14:17:33 -0600
Processing by HighScoresController#index as HTML
  Rendering high_scores/index.html.erb within layouts/application
  [1m[36mHighScore Load (0.1ms)[0m  [1m[34mSELECT "high_scores".* FROM "high_scores"[0m
  ↳ app/views/high_scores/index.html.erb:15
  Rendered high_scores/index.html.erb within layouts/application (1.4ms)
Completed 200 OK in 24ms (Views: 22.2ms | ActiveRecord: 0.1ms)


Started GET "/" for ::1 at 2019-04-25 14:25:23 -0600
Processing by HighScoresController#index as HTML
  Rendering high_scores/index.html.erb within layouts/application
  [1m[36mHighScore Load (0.2ms)[0m  [1m[34mSELECT "high_scores".* FROM "high_scores"[0m
  ↳ app/views/high_scores/index.html.erb:12
  Rendered high_scores/index.html.erb within layouts/application (1.8ms)
Completed 200 OK in 41ms (Views: 39.1ms | ActiveRecord: 0.2ms)


Started GET "/" for ::1 at 2019-04-25 14:29:28 -0600
Processing by HighScoresController#index as HTML
  Rendering high_scores/index.html.erb within layouts/application
  [1m[36mHighScore Load (0.1ms)[0m  [1m[34mSELECT "high_scores".* FROM "high_scores"[0m
  ↳ app/views/high_scores/index.html.erb:12
  Rendered high_scores/index.html.erb within layouts/application (1.3ms)
Completed 200 OK in 27ms (Views: 24.9ms | ActiveRecord: 0.1ms)


Started GET "/" for ::1 at 2019-04-25 14:29:46 -0600
Processing by HighScoresController#index as HTML
  Rendering high_scores/index.html.erb within layouts/application
  [1m[36mHighScore Load (0.2ms)[0m  [1m[34mSELECT "high_scores".* FROM "high_scores"[0m
  ↳ app/views/high_scores/index.html.erb:12
  Rendered high_scores/index.html.erb within layouts/application (2.3ms)
Completed 200 OK in 2100ms (Views: 2096.4ms | ActiveRecord: 0.2ms)


Started GET "/" for ::1 at 2019-04-25 14:31:00 -0600
Processing by HighScoresController#index as HTML
  Rendering high_scores/index.html.erb within layouts/application
  [1m[36mHighScore Load (0.2ms)[0m  [1m[34mSELECT "high_scores".* FROM "high_scores"[0m
  ↳ app/views/high_scores/index.html.erb:12
  Rendered high_scores/index.html.erb within layouts/application (2.3ms)
Completed 200 OK in 41ms (Views: 38.4ms | ActiveRecord: 0.2ms)


Started GET "/" for ::1 at 2019-04-25 14:32:48 -0600
Processing by HighScoresController#index as HTML
  Rendering high_scores/index.html.erb within layouts/application
  [1m[36mHighScore Load (0.2ms)[0m  [1m[34mSELECT "high_scores".* FROM "high_scores"[0m
  ↳ app/views/high_scores/index.html.erb:12
  Rendered high_scores/index.html.erb within layouts/application (2.4ms)
Completed 200 OK in 42ms (Views: 38.8ms | ActiveRecord: 0.2ms)


Started GET "/" for ::1 at 2019-04-25 14:33:39 -0600
Processing by HighScoresController#index as HTML
  Rendering high_scores/index.html.erb within layouts/application
  [1m[36mHighScore Load (0.2ms)[0m  [1m[34mSELECT "high_scores".* FROM "high_scores"[0m
  ↳ app/views/high_scores/index.html.erb:12
  Rendered high_scores/index.html.erb within layouts/application (1.9ms)
Completed 200 OK in 57ms (Views: 53.9ms | ActiveRecord: 0.2ms)


Started GET "/" for ::1 at 2019-04-25 14:34:06 -0600
Processing by HighScoresController#index as HTML
  Rendering high_scores/index.html.erb within layouts/application
  [1m[36mHighScore Load (0.2ms)[0m  [1m[34mSELECT "high_scores".* FROM "high_scores"[0m
  ↳ app/views/high_scores/index.html.erb:12
  Rendered high_scores/index.html.erb within layouts/application (2.2ms)
Completed 200 OK in 44ms (Views: 40.3ms | ActiveRecord: 0.2ms)


Started GET "/" for ::1 at 2019-04-25 14:34:06 -0600
Processing by HighScoresController#index as HTML
  Rendering high_scores/index.html.erb within layouts/application
  [1m[36mHighScore Load (0.2ms)[0m  [1m[34mSELECT "high_scores".* FROM "high_scores"[0m
  ↳ app/views/high_scores/index.html.erb:12
  Rendered high_scores/index.html.erb within layouts/application (2.4ms)
Completed 200 OK in 43ms (Views: 39.8ms | ActiveRecord: 0.2ms)


Started GET "/" for ::1 at 2019-04-25 14:34:07 -0600
Processing by HighScoresController#index as HTML
  Rendering high_scores/index.html.erb within layouts/application
  [1m[36mHighScore Load (0.2ms)[0m  [1m[34mSELECT "high_scores".* FROM "high_scores"[0m
  ↳ app/views/high_scores/index.html.erb:12
  Rendered high_scores/index.html.erb within layouts/application (2.3ms)
Completed 200 OK in 47ms (Views: 43.1ms | ActiveRecord: 0.2ms)


Started GET "/" for ::1 at 2019-04-25 14:34:32 -0600
Processing by HighScoresController#index as HTML
  Rendering high_scores/index.html.erb within layouts/application
  [1m[36mHighScore Load (0.2ms)[0m  [1m[34mSELECT "high_scores".* FROM "high_scores"[0m
  ↳ app/views/high_scores/index.html.erb:12
  Rendered high_scores/index.html.erb within layouts/application (2.8ms)
Completed 200 OK in 42ms (Views: 39.1ms | ActiveRecord: 0.2ms)


Started GET "/" for ::1 at 2019-04-25 14:35:17 -0600
Processing by HighScoresController#index as HTML
  Rendering high_scores/index.html.erb within layouts/application
  [1m[36mHighScore Load (0.2ms)[0m  [1m[34mSELECT "high_scores".* FROM "high_scores"[0m
  ↳ app/views/high_scores/index.html.erb:12
  Rendered high_scores/index.html.erb within layouts/application (2.1ms)
Completed 200 OK in 43ms (Views: 39.1ms | ActiveRecord: 0.2ms)


Started GET "/" for ::1 at 2019-04-25 14:36:04 -0600
Processing by HighScoresController#index as HTML
  Rendering high_scores/index.html.erb within layouts/application
  [1m[36mHighScore Load (0.2ms)[0m  [1m[34mSELECT "high_scores".* FROM "high_scores"[0m
  ↳ app/views/high_scores/index.html.erb:12
  Rendered high_scores/index.html.erb within layouts/application (2.1ms)
Completed 200 OK in 44ms (Views: 41.6ms | ActiveRecord: 0.2ms)


Started GET "/" for ::1 at 2019-04-25 14:36:20 -0600
Processing by HighScoresController#index as HTML
  Rendering high_scores/index.html.erb within layouts/application
  [1m[36mHighScore Load (0.2ms)[0m  [1m[34mSELECT "high_scores".* FROM "high_scores"[0m
  ↳ app/views/high_scores/index.html.erb:12
  Rendered high_scores/index.html.erb within layouts/application (2.1ms)
Completed 200 OK in 48ms (Views: 44.9ms | ActiveRecord: 0.2ms)


Started GET "/" for ::1 at 2019-04-25 14:37:38 -0600
Processing by HighScoresController#index as HTML
  Rendering high_scores/index.html.erb within layouts/application
  [1m[36mHighScore Load (0.2ms)[0m  [1m[34mSELECT "high_scores".* FROM "high_scores"[0m
  ↳ app/views/high_scores/index.html.erb:12
  Rendered high_scores/index.html.erb within layouts/application (1.9ms)
Completed 200 OK in 41ms (Views: 37.4ms | ActiveRecord: 0.2ms)


Started GET "/" for ::1 at 2019-04-25 14:37:54 -0600
Processing by HighScoresController#index as HTML
  Rendering high_scores/index.html.erb within layouts/application
  [1m[36mHighScore Load (0.2ms)[0m  [1m[34mSELECT "high_scores".* FROM "high_scores"[0m
  ↳ app/views/high_scores/index.html.erb:12
  Rendered high_scores/index.html.erb within layouts/application (2.1ms)
Completed 200 OK in 44ms (Views: 40.1ms | ActiveRecord: 0.2ms)


Started GET "/" for ::1 at 2019-04-25 14:38:29 -0600
Processing by HighScoresController#index as HTML
  Rendering high_scores/index.html.erb within layouts/application
  [1m[36mHighScore Load (0.2ms)[0m  [1m[34mSELECT "high_scores".* FROM "high_scores"[0m
  ↳ app/views/high_scores/index.html.erb:12
  Rendered high_scores/index.html.erb within layouts/application (15.7ms)
Completed 500 Internal Server Error in 25ms (ActiveRecord: 0.2ms)


  
ActionView::Template::Error (undefined method `stringify_keys' for #<HighScore:0x007fd4062982b8>):
    16:         <td><%= link_to 'Show', high_score %></td>
    17:         <td><%= link_to 'Edit', edit_high_score_path(high_score) %></td>
    18:         <td>
    19:           <%= link_to 'Destroy', high_score, method: :delete, data: { confirm: 'Are you sure?' } do%>
    20:             <span></span>
    21:           <% end %>
    22:         </td>
  
app/views/high_scores/index.html.erb:19:in `block in _app_views_high_scores_index_html_erb___4163087686611334523_70274306690740'
app/views/high_scores/index.html.erb:12:in `_app_views_high_scores_index_html_erb___4163087686611334523_70274306690740'
Started GET "/" for ::1 at 2019-04-25 14:38:49 -0600
Processing by HighScoresController#index as HTML
  Rendering high_scores/index.html.erb within layouts/application
  [1m[36mHighScore Load (0.2ms)[0m  [1m[34mSELECT "high_scores".* FROM "high_scores"[0m
  ↳ app/views/high_scores/index.html.erb:12
  Rendered high_scores/index.html.erb within layouts/application (2.1ms)
Completed 200 OK in 43ms (Views: 38.9ms | ActiveRecord: 0.2ms)


Started GET "/" for ::1 at 2019-04-25 14:39:02 -0600
Processing by HighScoresController#index as HTML
  Rendering high_scores/index.html.erb within layouts/application
  [1m[36mHighScore Load (0.2ms)[0m  [1m[34mSELECT "high_scores".* FROM "high_scores"[0m
  ↳ app/views/high_scores/index.html.erb:12
  Rendered high_scores/index.html.erb within layouts/application (2.3ms)
Completed 200 OK in 42ms (Views: 39.5ms | ActiveRecord: 0.2ms)


Started GET "/" for ::1 at 2019-04-25 14:39:49 -0600
Processing by HighScoresController#index as HTML
  Rendering high_scores/index.html.erb within layouts/application
  [1m[36mHighScore Load (0.2ms)[0m  [1m[34mSELECT "high_scores".* FROM "high_scores"[0m
  ↳ app/views/high_scores/index.html.erb:12
  Rendered high_scores/index.html.erb within layouts/application (2.2ms)
Completed 200 OK in 44ms (Views: 40.3ms | ActiveRecord: 0.2ms)


Started GET "/" for ::1 at 2019-04-25 14:40:18 -0600
Processing by HighScoresController#index as HTML
  Rendering high_scores/index.html.erb within layouts/application
  [1m[36mHighScore Load (0.2ms)[0m  [1m[34mSELECT "high_scores".* FROM "high_scores"[0m
  ↳ app/views/high_scores/index.html.erb:12
  Rendered high_scores/index.html.erb within layouts/application (2.1ms)
Completed 200 OK in 42ms (Views: 39.0ms | ActiveRecord: 0.2ms)


Started GET "/" for ::1 at 2019-04-25 14:41:14 -0600
Processing by HighScoresController#index as HTML
  Rendering high_scores/index.html.erb within layouts/application
  [1m[36mHighScore Load (0.2ms)[0m  [1m[34mSELECT "high_scores".* FROM "high_scores"[0m
  ↳ app/views/high_scores/index.html.erb:12
  Rendered high_scores/index.html.erb within layouts/application (2.2ms)
Completed 200 OK in 42ms (Views: 38.6ms | ActiveRecord: 0.2ms)


Started GET "/" for ::1 at 2019-04-25 14:41:31 -0600
Processing by HighScoresController#index as HTML
  Rendering high_scores/index.html.erb within layouts/application
  [1m[36mHighScore Load (0.2ms)[0m  [1m[34mSELECT "high_scores".* FROM "high_scores"[0m
  ↳ app/views/high_scores/index.html.erb:13
  Rendered high_scores/index.html.erb within layouts/application (2.3ms)
Completed 200 OK in 49ms (Views: 46.2ms | ActiveRecord: 0.2ms)


Started GET "/" for ::1 at 2019-04-25 14:41:42 -0600
Processing by HighScoresController#index as HTML
  Rendering high_scores/index.html.erb within layouts/application
  [1m[36mHighScore Load (0.2ms)[0m  [1m[34mSELECT "high_scores".* FROM "high_scores"[0m
  ↳ app/views/high_scores/index.html.erb:13
  Rendered high_scores/index.html.erb within layouts/application (2.5ms)
Completed 200 OK in 42ms (Views: 38.9ms | ActiveRecord: 0.2ms)


Started GET "/" for ::1 at 2019-04-25 14:58:03 -0600
Processing by HighScoresController#index as HTML
  Rendering high_scores/index.html.erb within layouts/application
  [1m[36mHighScore Load (0.7ms)[0m  [1m[34mSELECT "high_scores".* FROM "high_scores"[0m
  ↳ app/views/high_scores/index.html.erb:13
  Rendered high_scores/index.html.erb within layouts/application (15.3ms)
Completed 200 OK in 135ms (Views: 121.8ms | ActiveRecord: 0.7ms)


Started GET "/high_scores/new" for ::1 at 2019-04-25 14:58:05 -0600
Processing by HighScoresController#new as HTML
  Rendering high_scores/new.html.erb within layouts/application
  Rendered high_scores/_form.html.erb (36.2ms)
  Rendered high_scores/new.html.erb within layouts/application (38.8ms)
Completed 200 OK in 71ms (Views: 67.9ms | ActiveRecord: 0.0ms)


Started GET "/high_scores" for ::1 at 2019-04-25 14:58:07 -0600
Processing by HighScoresController#index as HTML
  Rendering high_scores/index.html.erb within layouts/application
  [1m[36mHighScore Load (0.2ms)[0m  [1m[34mSELECT "high_scores".* FROM "high_scores"[0m
  ↳ app/views/high_scores/index.html.erb:13
  Rendered high_scores/index.html.erb within layouts/application (2.6ms)
Completed 200 OK in 47ms (Views: 44.3ms | ActiveRecord: 0.2ms)


Started GET "/high_scores" for ::1 at 2019-04-25 14:58:53 -0600
Processing by HighScoresController#index as HTML
  Rendering high_scores/index.html.erb within layouts/application
  [1m[36mHighScore Load (0.1ms)[0m  [1m[34mSELECT "high_scores".* FROM "high_scores"[0m
  ↳ app/views/high_scores/index.html.erb:13
  Rendered high_scores/index.html.erb within layouts/application (3.1ms)
Completed 200 OK in 38ms (Views: 35.3ms | ActiveRecord: 0.1ms)


Started GET "/high_scores" for ::1 at 2019-04-25 14:59:16 -0600
Processing by HighScoresController#index as HTML
  Rendering high_scores/index.html.erb within layouts/application
  [1m[36mHighScore Load (0.1ms)[0m  [1m[34mSELECT "high_scores".* FROM "high_scores"[0m
  ↳ app/views/high_scores/index.html.erb:13
  Rendered high_scores/index.html.erb within layouts/application (2.7ms)
Completed 200 OK in 64ms (Views: 61.0ms | ActiveRecord: 0.1ms)


Started GET "/high_scores" for ::1 at 2019-04-25 14:59:39 -0600
Processing by HighScoresController#index as HTML
  Rendering high_scores/index.html.erb within layouts/application
  [1m[36mHighScore Load (0.1ms)[0m  [1m[34mSELECT "high_scores".* FROM "high_scores"[0m
  ↳ app/views/high_scores/index.html.erb:13
  Rendered high_scores/index.html.erb within layouts/application (2.4ms)
Completed 200 OK in 35ms (Views: 32.0ms | ActiveRecord: 0.1ms)


Started GET "/high_scores" for ::1 at 2019-04-25 14:59:56 -0600
Processing by HighScoresController#index as HTML
  Rendering high_scores/index.html.erb within layouts/application
  [1m[36mHighScore Load (0.1ms)[0m  [1m[34mSELECT "high_scores".* FROM "high_scores"[0m
  ↳ app/views/high_scores/index.html.erb:13
  Rendered high_scores/index.html.erb within layouts/application (1.5ms)
Completed 200 OK in 27ms (Views: 25.0ms | ActiveRecord: 0.1ms)


Started GET "/high_scores/1" for ::1 at 2019-04-25 15:00:13 -0600
Processing by HighScoresController#show as HTML
  Parameters: {"id"=>"1"}
  [1m[36mHighScore Load (0.8ms)[0m  [1m[34mSELECT  "high_scores".* FROM "high_scores" WHERE "high_scores"."id" = ? LIMIT ?[0m  [["id", 1], ["LIMIT", 1]]
  ↳ app/controllers/high_scores_controller.rb:67
  Rendering high_scores/show.html.erb within layouts/application
  Rendered high_scores/show.html.erb within layouts/application (0.6ms)
Completed 200 OK in 65ms (Views: 51.5ms | ActiveRecord: 0.8ms)


Started GET "/high_scores" for ::1 at 2019-04-25 15:00:16 -0600
Processing by HighScoresController#index as HTML
  Rendering high_scores/index.html.erb within layouts/application
  [1m[36mHighScore Load (0.1ms)[0m  [1m[34mSELECT "high_scores".* FROM "high_scores"[0m
  ↳ app/views/high_scores/index.html.erb:13
  Rendered high_scores/index.html.erb within layouts/application (2.8ms)
Completed 200 OK in 63ms (Views: 60.2ms | ActiveRecord: 0.1ms)


Started GET "/high_scores/1/edit" for ::1 at 2019-04-25 15:00:18 -0600
Processing by HighScoresController#edit as HTML
  Parameters: {"id"=>"1"}
  [1m[36mHighScore Load (0.1ms)[0m  [1m[34mSELECT  "high_scores".* FROM "high_scores" WHERE "high_scores"."id" = ? LIMIT ?[0m  [["id", 1], ["LIMIT", 1]]
  ↳ app/controllers/high_scores_controller.rb:67
  Rendering high_scores/edit.html.erb within layouts/application
  Rendered high_scores/_form.html.erb (4.2ms)
  Rendered high_scores/edit.html.erb within layouts/application (6.5ms)
Completed 200 OK in 37ms (Views: 33.2ms | ActiveRecord: 0.1ms)


Started GET "/high_scores" for ::1 at 2019-04-25 15:00:20 -0600
Processing by HighScoresController#index as HTML
  Rendering high_scores/index.html.erb within layouts/application
  [1m[36mHighScore Load (0.2ms)[0m  [1m[34mSELECT "high_scores".* FROM "high_scores"[0m
  ↳ app/views/high_scores/index.html.erb:13
  Rendered high_scores/index.html.erb within layouts/application (2.1ms)
Completed 200 OK in 33ms (Views: 30.8ms | ActiveRecord: 0.2ms)


